<?xml version="1.0" encoding="UTF-8"?>
<coverage generated="1727378431267" clover="3.2.0">
  <project timestamp="1727378431268" name="All files">
    <metrics statements="93" coveredstatements="90" conditionals="18" coveredconditionals="18" methods="34" coveredmethods="30" elements="145" coveredelements="138" complexity="0" loc="93" ncloc="93" packages="8" files="20" classes="20"/>
    <package name="app">
      <metrics statements="1" coveredstatements="1" conditionals="0" coveredconditionals="0" methods="0" coveredmethods="0"/>
      <file name="store.ts" path="/Users/victorsouza/Desktop/Developments/assessment-cc-react-native-sr-01/src/app/store.ts">
        <metrics statements="1" coveredstatements="1" conditionals="0" coveredconditionals="0" methods="0" coveredmethods="0"/>
        <line num="5" count="2" type="stmt"/>
      </file>
    </package>
    <package name="components.monster-battle-card">
      <metrics statements="14" coveredstatements="14" conditionals="4" coveredconditionals="4" methods="4" coveredmethods="4"/>
      <file name="MonsterBattleCard.extended.styled.tsx" path="/Users/victorsouza/Desktop/Developments/assessment-cc-react-native-sr-01/src/components/monster-battle-card/MonsterBattleCard.extended.styled.tsx">
        <metrics statements="8" coveredstatements="8" conditionals="2" coveredconditionals="2" methods="2" coveredmethods="2"/>
        <line num="11" count="2" type="stmt"/>
        <line num="25" count="2" type="stmt"/>
        <line num="29" count="10" type="cond" truecount="2" falsecount="0"/>
        <line num="33" count="2" type="stmt"/>
        <line num="40" count="2" type="stmt"/>
        <line num="45" count="2" type="stmt"/>
        <line num="51" count="2" type="stmt"/>
        <line num="53" count="24" type="stmt"/>
      </file>
      <file name="MonsterBattleCard.extended.tsx" path="/Users/victorsouza/Desktop/Developments/assessment-cc-react-native-sr-01/src/components/monster-battle-card/MonsterBattleCard.extended.tsx">
        <metrics statements="6" coveredstatements="6" conditionals="2" coveredconditionals="2" methods="2" coveredmethods="2"/>
        <line num="17" count="2" type="stmt"/>
        <line num="18" count="10" type="stmt"/>
        <line num="19" count="10" type="cond" truecount="2" falsecount="0"/>
        <line num="20" count="4" type="stmt"/>
        <line num="26" count="6" type="stmt"/>
        <line num="42" count="10" type="stmt"/>
      </file>
    </package>
    <package name="components.monsters-list">
      <metrics statements="26" coveredstatements="26" conditionals="10" coveredconditionals="10" methods="7" coveredmethods="7"/>
      <file name="MonstersList.extended.tsx" path="/Users/victorsouza/Desktop/Developments/assessment-cc-react-native-sr-01/src/components/monsters-list/MonstersList.extended.tsx">
        <metrics statements="18" coveredstatements="18" conditionals="8" coveredconditionals="8" methods="6" coveredmethods="6"/>
        <line num="20" count="2" type="stmt"/>
        <line num="21" count="9" type="stmt"/>
        <line num="23" count="9" type="stmt"/>
        <line num="26" count="2" type="cond" truecount="2" falsecount="0"/>
        <line num="27" count="1" type="stmt"/>
        <line num="28" count="1" type="stmt"/>
        <line num="30" count="5" type="stmt"/>
        <line num="31" count="1" type="stmt"/>
        <line num="33" count="1" type="stmt"/>
        <line num="35" count="1" type="stmt"/>
        <line num="38" count="9" type="stmt"/>
        <line num="39" count="2" type="cond" truecount="2" falsecount="0"/>
        <line num="40" count="2" type="stmt"/>
        <line num="41" count="2" type="cond" truecount="2" falsecount="0"/>
        <line num="42" count="2" type="stmt"/>
        <line num="45" count="9" type="stmt"/>
        <line num="56" count="40" type="stmt"/>
        <line num="59" count="2" type="stmt"/>
      </file>
      <file name="MonstersList.styled.tsx" path="/Users/victorsouza/Desktop/Developments/assessment-cc-react-native-sr-01/src/components/monsters-list/MonstersList.styled.tsx">
        <metrics statements="8" coveredstatements="8" conditionals="2" coveredconditionals="2" methods="1" coveredmethods="1"/>
        <line num="6" count="2" type="stmt"/>
        <line num="17" count="2" type="stmt"/>
        <line num="25" count="2" type="stmt"/>
        <line num="28" count="40" type="cond" truecount="2" falsecount="0"/>
        <line num="39" count="2" type="stmt"/>
        <line num="45" count="2" type="stmt"/>
        <line num="54" count="2" type="stmt"/>
        <line num="61" count="2" type="stmt"/>
      </file>
    </package>
    <package name="components.title">
      <metrics statements="1" coveredstatements="1" conditionals="0" coveredconditionals="0" methods="0" coveredmethods="0"/>
      <file name="Title.tsx" path="/Users/victorsouza/Desktop/Developments/assessment-cc-react-native-sr-01/src/components/title/Title.tsx">
        <metrics statements="1" coveredstatements="1" conditionals="0" coveredconditionals="0" methods="0" coveredmethods="0"/>
        <line num="5" count="1" type="stmt"/>
      </file>
    </package>
    <package name="components.winner-display">
      <metrics statements="4" coveredstatements="4" conditionals="0" coveredconditionals="0" methods="1" coveredmethods="1"/>
      <file name="WinnerDisplay.extended.tsx" path="/Users/victorsouza/Desktop/Developments/assessment-cc-react-native-sr-01/src/components/winner-display/WinnerDisplay.extended.tsx">
        <metrics statements="2" coveredstatements="2" conditionals="0" coveredconditionals="0" methods="1" coveredmethods="1"/>
        <line num="7" count="2" type="stmt"/>
        <line num="8" count="3" type="stmt"/>
      </file>
      <file name="WinnerDisplay.styled.tsx" path="/Users/victorsouza/Desktop/Developments/assessment-cc-react-native-sr-01/src/components/winner-display/WinnerDisplay.styled.tsx">
        <metrics statements="2" coveredstatements="2" conditionals="0" coveredconditionals="0" methods="0" coveredmethods="0"/>
        <line num="6" count="2" type="stmt"/>
        <line num="15" count="2" type="stmt"/>
      </file>
    </package>
    <package name="constants">
      <metrics statements="2" coveredstatements="2" conditionals="0" coveredconditionals="0" methods="0" coveredmethods="0"/>
      <file name="colors.ts" path="/Users/victorsouza/Desktop/Developments/assessment-cc-react-native-sr-01/src/constants/colors.ts">
        <metrics statements="1" coveredstatements="1" conditionals="0" coveredconditionals="0" methods="0" coveredmethods="0"/>
        <line num="1" count="4" type="stmt"/>
      </file>
      <file name="env.ts" path="/Users/victorsouza/Desktop/Developments/assessment-cc-react-native-sr-01/src/constants/env.ts">
        <metrics statements="1" coveredstatements="1" conditionals="0" coveredconditionals="0" methods="0" coveredmethods="0"/>
        <line num="1" count="6" type="stmt"/>
      </file>
    </package>
    <package name="pages.battle-of-monsters">
      <metrics statements="17" coveredstatements="17" conditionals="4" coveredconditionals="4" methods="4" coveredmethods="4"/>
      <file name="BattleOfMonsters.extended.styled.tsx" path="/Users/victorsouza/Desktop/Developments/assessment-cc-react-native-sr-01/src/pages/battle-of-monsters/BattleOfMonsters.extended.styled.tsx">
        <metrics statements="6" coveredstatements="6" conditionals="2" coveredconditionals="2" methods="1" coveredmethods="1"/>
        <line num="7" count="1" type="stmt"/>
        <line num="14" count="1" type="stmt"/>
        <line num="23" count="1" type="stmt"/>
        <line num="25" count="3" type="cond" truecount="2" falsecount="0"/>
        <line num="33" count="1" type="stmt"/>
        <line num="40" count="1" type="stmt"/>
      </file>
      <file name="BattleOfMonsters.extended.tsx" path="/Users/victorsouza/Desktop/Developments/assessment-cc-react-native-sr-01/src/pages/battle-of-monsters/BattleOfMonsters.extended.tsx">
        <metrics statements="11" coveredstatements="11" conditionals="2" coveredconditionals="2" methods="3" coveredmethods="3"/>
        <line num="27" count="1" type="stmt"/>
        <line num="28" count="4" type="stmt"/>
        <line num="30" count="4" type="stmt"/>
        <line num="31" count="4" type="stmt"/>
        <line num="32" count="4" type="stmt"/>
        <line num="33" count="4" type="stmt"/>
        <line num="35" count="4" type="stmt"/>
        <line num="36" count="4" type="stmt"/>
        <line num="39" count="4" type="stmt"/>
        <line num="40" count="1" type="stmt"/>
        <line num="48" count="4" type="stmt"/>
      </file>
    </package>
    <package name="reducers.monsters">
      <metrics statements="28" coveredstatements="25" conditionals="0" coveredconditionals="0" methods="18" coveredmethods="14"/>
      <file name="monsters.actions.extended.ts" path="/Users/victorsouza/Desktop/Developments/assessment-cc-react-native-sr-01/src/reducers/monsters/monsters.actions.extended.ts">
        <metrics statements="2" coveredstatements="2" conditionals="0" coveredconditionals="0" methods="0" coveredmethods="0"/>
        <line num="5" count="3" type="stmt"/>
        <line num="10" count="3" type="stmt"/>
      </file>
      <file name="monsters.actions.ts" path="/Users/victorsouza/Desktop/Developments/assessment-cc-react-native-sr-01/src/reducers/monsters/monsters.actions.ts">
        <metrics statements="2" coveredstatements="2" conditionals="0" coveredconditionals="0" methods="0" coveredmethods="0"/>
        <line num="5" count="3" type="stmt"/>
        <line num="10" count="3" type="stmt"/>
      </file>
      <file name="monsters.reducer.extended.ts" path="/Users/victorsouza/Desktop/Developments/assessment-cc-react-native-sr-01/src/reducers/monsters/monsters.reducer.extended.ts">
        <metrics statements="6" coveredstatements="6" conditionals="0" coveredconditionals="0" methods="5" coveredmethods="5"/>
        <line num="10" count="3" type="stmt"/>
        <line num="16" count="3" type="stmt"/>
        <line num="17" count="3" type="stmt"/>
        <line num="22" count="3" type="stmt"/>
        <line num="27" count="3" type="stmt"/>
        <line num="32" count="3" type="stmt"/>
      </file>
      <file name="monsters.reducer.ts" path="/Users/victorsouza/Desktop/Developments/assessment-cc-react-native-sr-01/src/reducers/monsters/monsters.reducer.ts">
        <metrics statements="6" coveredstatements="6" conditionals="0" coveredconditionals="0" methods="5" coveredmethods="5"/>
        <line num="10" count="3" type="stmt"/>
        <line num="15" count="3" type="stmt"/>
        <line num="16" count="3" type="stmt"/>
        <line num="21" count="3" type="stmt"/>
        <line num="26" count="3" type="stmt"/>
        <line num="31" count="3" type="stmt"/>
      </file>
      <file name="monsters.selectors.extended.ts" path="/Users/victorsouza/Desktop/Developments/assessment-cc-react-native-sr-01/src/reducers/monsters/monsters.selectors.extended.ts">
        <metrics statements="3" coveredstatements="3" conditionals="0" coveredconditionals="0" methods="2" coveredmethods="2"/>
        <line num="3" count="4" type="stmt"/>
        <line num="5" count="1" type="stmt"/>
        <line num="6" count="4" type="stmt"/>
      </file>
      <file name="monsters.selectors.ts" path="/Users/victorsouza/Desktop/Developments/assessment-cc-react-native-sr-01/src/reducers/monsters/monsters.selectors.ts">
        <metrics statements="2" coveredstatements="2" conditionals="0" coveredconditionals="0" methods="2" coveredmethods="2"/>
        <line num="3" count="4" type="stmt"/>
        <line num="5" count="4" type="stmt"/>
      </file>
      <file name="monsters.service.extended.ts" path="/Users/victorsouza/Desktop/Developments/assessment-cc-react-native-sr-01/src/reducers/monsters/monsters.service.extended.ts">
        <metrics statements="4" coveredstatements="2" conditionals="0" coveredconditionals="0" methods="2" coveredmethods="0"/>
        <line num="9" count="4" type="stmt"/>
        <line num="12" count="0" type="stmt"/>
        <line num="21" count="0" type="stmt"/>
        <line num="24" count="4" type="stmt"/>
      </file>
      <file name="monsters.service.ts" path="/Users/victorsouza/Desktop/Developments/assessment-cc-react-native-sr-01/src/reducers/monsters/monsters.service.ts">
        <metrics statements="3" coveredstatements="2" conditionals="0" coveredconditionals="0" methods="2" coveredmethods="0"/>
        <line num="4" count="4" type="stmt"/>
        <line num="5" count="0" type="stmt"/>
        <line num="7" count="4" type="stmt"/>
      </file>
    </package>
  </project>
</coverage>
