{"/Users/victorsouza/Desktop/Developments/assessment-cc-react-native-sr-01/src/app/store.ts": {"path":"/Users/victorsouza/Desktop/Developments/assessment-cc-react-native-sr-01/src/app/store.ts","statementMap":{"0":{"start":{"line":5,"column":21},"end":{"line":10,"column":2}}},"fnMap":{},"branchMap":{},"s":{"0":2},"f":{},"b":{},"_coverageSchema":"1a1c01bbd47fc00a2c39e90264f33305004495a9","hash":"7ff2fe616ee53509f5eb133f177f84ff7d473fe0"}
,"/Users/victorsouza/Desktop/Developments/assessment-cc-react-native-sr-01/src/components/monster-battle-card/MonsterBattleCard.extended.styled.tsx": {"path":"/Users/victorsouza/Desktop/Developments/assessment-cc-react-native-sr-01/src/components/monster-battle-card/MonsterBattleCard.extended.styled.tsx","statementMap":{"0":{"start":{"line":11,"column":33},"end":{"line":23,"column":1}},"1":{"start":{"line":25,"column":34},"end":{"line":31,"column":1}},"2":{"start":{"line":29,"column":49},"end":{"line":29,"column":73}},"3":{"start":{"line":33,"column":29},"end":{"line":39,"column":1}},"4":{"start":{"line":40,"column":34},"end":{"line":43,"column":1}},"5":{"start":{"line":45,"column":23},"end":{"line":49,"column":1}},"6":{"start":{"line":51,"column":27},"end":{"line":66,"column":1}},"7":{"start":{"line":53,"column":4},"end":{"line":60,"column":11}}},"fnMap":{"0":{"name":"(anonymous_0)","decl":{"start":{"line":29,"column":15},"end":{"line":29,"column":16}},"loc":{"start":{"line":29,"column":49},"end":{"line":29,"column":73}},"line":29},"1":{"name":"(anonymous_1)","decl":{"start":{"line":52,"column":2},"end":{"line":52,"column":3}},"loc":{"start":{"line":53,"column":4},"end":{"line":60,"column":11}},"line":53}},"branchMap":{"0":{"loc":{"start":{"line":29,"column":49},"end":{"line":29,"column":73}},"type":"binary-expr","locations":[{"start":{"line":29,"column":49},"end":{"line":29,"column":63}},{"start":{"line":29,"column":67},"end":{"line":29,"column":73}}],"line":29}},"s":{"0":2,"1":2,"2":10,"3":2,"4":2,"5":2,"6":2,"7":24},"f":{"0":10,"1":24},"b":{"0":[10,6]},"_coverageSchema":"1a1c01bbd47fc00a2c39e90264f33305004495a9","hash":"e289b74b33a85bdfe48e408a66c21caf35bf9854"}
,"/Users/victorsouza/Desktop/Developments/assessment-cc-react-native-sr-01/src/components/monster-battle-card/MonsterBattleCard.extended.tsx": {"path":"/Users/victorsouza/Desktop/Developments/assessment-cc-react-native-sr-01/src/components/monster-battle-card/MonsterBattleCard.extended.tsx","statementMap":{"0":{"start":{"line":17,"column":54},"end":{"line":43,"column":1}},"1":{"start":{"line":18,"column":28},"end":{"line":40,"column":3}},"2":{"start":{"line":19,"column":4},"end":{"line":25,"column":5}},"3":{"start":{"line":20,"column":6},"end":{"line":24,"column":8}},"4":{"start":{"line":26,"column":4},"end":{"line":39,"column":6}},"5":{"start":{"line":42,"column":2},"end":{"line":42,"column":70}}},"fnMap":{"0":{"name":"(anonymous_0)","decl":{"start":{"line":17,"column":54},"end":{"line":17,"column":55}},"loc":{"start":{"line":17,"column":78},"end":{"line":43,"column":1}},"line":17},"1":{"name":"(anonymous_1)","decl":{"start":{"line":18,"column":28},"end":{"line":18,"column":29}},"loc":{"start":{"line":18,"column":34},"end":{"line":40,"column":3}},"line":18}},"branchMap":{"0":{"loc":{"start":{"line":19,"column":4},"end":{"line":25,"column":5}},"type":"if","locations":[{"start":{"line":19,"column":4},"end":{"line":25,"column":5}},{"start":{},"end":{}}],"line":19}},"s":{"0":2,"1":10,"2":10,"3":4,"4":6,"5":10},"f":{"0":10,"1":10},"b":{"0":[4,6]},"_coverageSchema":"1a1c01bbd47fc00a2c39e90264f33305004495a9","hash":"8098268f72e663f8b7023b37f2195fc07272d394"}
,"/Users/victorsouza/Desktop/Developments/assessment-cc-react-native-sr-01/src/components/monsters-list/MonstersList.extended.tsx": {"path":"/Users/victorsouza/Desktop/Developments/assessment-cc-react-native-sr-01/src/components/monsters-list/MonstersList.extended.tsx","statementMap":{"0":{"start":{"line":20,"column":50},"end":{"line":69,"column":1}},"1":{"start":{"line":21,"column":19},"end":{"line":21,"column":35}},"2":{"start":{"line":23,"column":52},"end":{"line":23,"column":81}},"3":{"start":{"line":26,"column":4},"end":{"line":29,"column":5}},"4":{"start":{"line":27,"column":6},"end":{"line":27,"column":49}},"5":{"start":{"line":28,"column":6},"end":{"line":28,"column":13}},"6":{"start":{"line":30,"column":21},"end":{"line":30,"column":62}},"7":{"start":{"line":30,"column":49},"end":{"line":30,"column":61}},"8":{"start":{"line":31,"column":24},"end":{"line":31,"column":67}},"9":{"start":{"line":33,"column":4},"end":{"line":33,"column":64}},"10":{"start":{"line":35,"column":4},"end":{"line":35,"column":33}},"11":{"start":{"line":38,"column":29},"end":{"line":43,"column":3}},"12":{"start":{"line":39,"column":18},"end":{"line":39,"column":70}},"13":{"start":{"line":40,"column":4},"end":{"line":40,"column":32}},"14":{"start":{"line":41,"column":4},"end":{"line":41,"column":58}},"15":{"start":{"line":42,"column":4},"end":{"line":42,"column":36}},"16":{"start":{"line":45,"column":2},"end":{"line":68,"column":4}},"17":{"start":{"line":56,"column":10},"end":{"line":64,"column":33}},"18":{"start":{"line":59,"column":27},"end":{"line":59,"column":54}}},"fnMap":{"0":{"name":"(anonymous_0)","decl":{"start":{"line":20,"column":50},"end":{"line":20,"column":51}},"loc":{"start":{"line":20,"column":68},"end":{"line":69,"column":1}},"line":20},"1":{"name":"getRandomCumputerMonster","decl":{"start":{"line":25,"column":11},"end":{"line":25,"column":35}},"loc":{"start":{"line":25,"column":58},"end":{"line":36,"column":3}},"line":25},"2":{"name":"(anonymous_2)","decl":{"start":{"line":30,"column":37},"end":{"line":30,"column":38}},"loc":{"start":{"line":30,"column":49},"end":{"line":30,"column":61}},"line":30},"3":{"name":"(anonymous_3)","decl":{"start":{"line":38,"column":29},"end":{"line":38,"column":30}},"loc":{"start":{"line":38,"column":51},"end":{"line":43,"column":3}},"line":38},"4":{"name":"(anonymous_4)","decl":{"start":{"line":55,"column":22},"end":{"line":55,"column":23}},"loc":{"start":{"line":56,"column":10},"end":{"line":64,"column":33}},"line":56},"5":{"name":"(anonymous_5)","decl":{"start":{"line":59,"column":21},"end":{"line":59,"column":22}},"loc":{"start":{"line":59,"column":27},"end":{"line":59,"column":54}},"line":59}},"branchMap":{"0":{"loc":{"start":{"line":26,"column":4},"end":{"line":29,"column":5}},"type":"if","locations":[{"start":{"line":26,"column":4},"end":{"line":29,"column":5}},{"start":{},"end":{}}],"line":26},"1":{"loc":{"start":{"line":39,"column":18},"end":{"line":39,"column":70}},"type":"cond-expr","locations":[{"start":{"line":39,"column":53},"end":{"line":39,"column":57}},{"start":{"line":39,"column":60},"end":{"line":39,"column":70}}],"line":39},"2":{"loc":{"start":{"line":41,"column":32},"end":{"line":41,"column":55}},"type":"cond-expr","locations":[{"start":{"line":41,"column":41},"end":{"line":41,"column":45}},{"start":{"line":41,"column":48},"end":{"line":41,"column":55}}],"line":41},"3":{"loc":{"start":{"line":48,"column":9},"end":{"line":48,"column":78}},"type":"cond-expr","locations":[{"start":{"line":48,"column":31},"end":{"line":48,"column":52}},{"start":{"line":48,"column":55},"end":{"line":48,"column":78}}],"line":48}},"s":{"0":2,"1":9,"2":9,"3":2,"4":1,"5":1,"6":1,"7":5,"8":1,"9":1,"10":1,"11":9,"12":2,"13":2,"14":2,"15":2,"16":9,"17":40,"18":2},"f":{"0":9,"1":2,"2":5,"3":2,"4":40,"5":2},"b":{"0":[1,1],"1":[1,1],"2":[1,1],"3":[8,1]},"_coverageSchema":"1a1c01bbd47fc00a2c39e90264f33305004495a9","hash":"1ae147fc4601a2a734fb9e526c19c59ec5c44d67"}
,"/Users/victorsouza/Desktop/Developments/assessment-cc-react-native-sr-01/src/components/monsters-list/MonstersList.styled.tsx": {"path":"/Users/victorsouza/Desktop/Developments/assessment-cc-react-native-sr-01/src/components/monsters-list/MonstersList.styled.tsx","statementMap":{"0":{"start":{"line":6,"column":25},"end":{"line":15,"column":1}},"1":{"start":{"line":17,"column":36},"end":{"line":19,"column":1}},"2":{"start":{"line":25,"column":27},"end":{"line":37,"column":1}},"3":{"start":{"line":28,"column":4},"end":{"line":28,"column":51}},"4":{"start":{"line":39,"column":19},"end":{"line":43,"column":1}},"5":{"start":{"line":45,"column":27},"end":{"line":52,"column":1}},"6":{"start":{"line":54,"column":31},"end":{"line":59,"column":1}},"7":{"start":{"line":61,"column":51},"end":{"line":63,"column":1}}},"fnMap":{"0":{"name":"(anonymous_0)","decl":{"start":{"line":27,"column":12},"end":{"line":27,"column":13}},"loc":{"start":{"line":28,"column":4},"end":{"line":28,"column":51}},"line":28}},"branchMap":{"0":{"loc":{"start":{"line":28,"column":4},"end":{"line":28,"column":51}},"type":"cond-expr","locations":[{"start":{"line":28,"column":15},"end":{"line":28,"column":42}},{"start":{"line":28,"column":45},"end":{"line":28,"column":51}}],"line":28}},"s":{"0":2,"1":2,"2":2,"3":40,"4":2,"5":2,"6":2,"7":2},"f":{"0":40},"b":{"0":[1,39]},"_coverageSchema":"1a1c01bbd47fc00a2c39e90264f33305004495a9","hash":"0c0c548ee91825ae4a9454bc5a27776a3ad05d10"}
,"/Users/victorsouza/Desktop/Developments/assessment-cc-react-native-sr-01/src/components/title/Title.tsx": {"path":"/Users/victorsouza/Desktop/Developments/assessment-cc-react-native-sr-01/src/components/title/Title.tsx","statementMap":{"0":{"start":{"line":5,"column":25},"end":{"line":13,"column":1}}},"fnMap":{},"branchMap":{},"s":{"0":1},"f":{},"b":{},"_coverageSchema":"1a1c01bbd47fc00a2c39e90264f33305004495a9","hash":"b91cc051034409cc72b2fb236121f96644a7fa91"}
,"/Users/victorsouza/Desktop/Developments/assessment-cc-react-native-sr-01/src/components/winner-display/WinnerDisplay.extended.tsx": {"path":"/Users/victorsouza/Desktop/Developments/assessment-cc-react-native-sr-01/src/components/winner-display/WinnerDisplay.extended.tsx","statementMap":{"0":{"start":{"line":7,"column":39},"end":{"line":11,"column":1}},"1":{"start":{"line":8,"column":2},"end":{"line":10,"column":27}}},"fnMap":{"0":{"name":"(anonymous_0)","decl":{"start":{"line":7,"column":39},"end":{"line":7,"column":40}},"loc":{"start":{"line":8,"column":2},"end":{"line":10,"column":27}},"line":8}},"branchMap":{},"s":{"0":2,"1":3},"f":{"0":3},"b":{},"_coverageSchema":"1a1c01bbd47fc00a2c39e90264f33305004495a9","hash":"31bfdaacad231c4ec99284618a55cfd73a162136"}
,"/Users/victorsouza/Desktop/Developments/assessment-cc-react-native-sr-01/src/components/winner-display/WinnerDisplay.styled.tsx": {"path":"/Users/victorsouza/Desktop/Developments/assessment-cc-react-native-sr-01/src/components/winner-display/WinnerDisplay.styled.tsx","statementMap":{"0":{"start":{"line":6,"column":38},"end":{"line":13,"column":1}},"1":{"start":{"line":15,"column":26},"end":{"line":21,"column":1}}},"fnMap":{},"branchMap":{},"s":{"0":2,"1":2},"f":{},"b":{},"_coverageSchema":"1a1c01bbd47fc00a2c39e90264f33305004495a9","hash":"cfcec67d1f2776b3c43dc03a606ff52fe838672f"}
,"/Users/victorsouza/Desktop/Developments/assessment-cc-react-native-sr-01/src/constants/colors.ts": {"path":"/Users/victorsouza/Desktop/Developments/assessment-cc-react-native-sr-01/src/constants/colors.ts","statementMap":{"0":{"start":{"line":1,"column":22},"end":{"line":11,"column":1}}},"fnMap":{},"branchMap":{},"s":{"0":4},"f":{},"b":{},"_coverageSchema":"1a1c01bbd47fc00a2c39e90264f33305004495a9","hash":"fd8c4773365a43ea1902a075978b541949a7ed49"}
,"/Users/victorsouza/Desktop/Developments/assessment-cc-react-native-sr-01/src/constants/env.ts": {"path":"/Users/victorsouza/Desktop/Developments/assessment-cc-react-native-sr-01/src/constants/env.ts","statementMap":{"0":{"start":{"line":1,"column":23},"end":{"line":1,"column":45}}},"fnMap":{},"branchMap":{},"s":{"0":6},"f":{},"b":{},"_coverageSchema":"1a1c01bbd47fc00a2c39e90264f33305004495a9","hash":"c660b6b34b730ca13ecfb0b0b1b56850ed38e47b"}
,"/Users/victorsouza/Desktop/Developments/assessment-cc-react-native-sr-01/src/pages/battle-of-monsters/BattleOfMonsters.extended.styled.tsx": {"path":"/Users/victorsouza/Desktop/Developments/assessment-cc-react-native-sr-01/src/pages/battle-of-monsters/BattleOfMonsters.extended.styled.tsx","statementMap":{"0":{"start":{"line":7,"column":29},"end":{"line":12,"column":1}},"1":{"start":{"line":14,"column":29},"end":{"line":17,"column":1}},"2":{"start":{"line":23,"column":33},"end":{"line":30,"column":1}},"3":{"start":{"line":25,"column":4},"end":{"line":25,"column":51}},"4":{"start":{"line":33,"column":44},"end":{"line":38,"column":1}},"5":{"start":{"line":40,"column":51},"end":{"line":42,"column":1}}},"fnMap":{"0":{"name":"(anonymous_0)","decl":{"start":{"line":24,"column":22},"end":{"line":24,"column":23}},"loc":{"start":{"line":25,"column":4},"end":{"line":25,"column":51}},"line":25}},"branchMap":{"0":{"loc":{"start":{"line":25,"column":4},"end":{"line":25,"column":51}},"type":"cond-expr","locations":[{"start":{"line":25,"column":15},"end":{"line":25,"column":32}},{"start":{"line":25,"column":35},"end":{"line":25,"column":51}}],"line":25}},"s":{"0":1,"1":1,"2":1,"3":3,"4":1,"5":1},"f":{"0":3},"b":{"0":[1,2]},"_coverageSchema":"1a1c01bbd47fc00a2c39e90264f33305004495a9","hash":"a6dabb44d50114c982a4d60a8a55aa8bdce4b313"}
,"/Users/victorsouza/Desktop/Developments/assessment-cc-react-native-sr-01/src/pages/battle-of-monsters/BattleOfMonsters.extended.tsx": {"path":"/Users/victorsouza/Desktop/Developments/assessment-cc-react-native-sr-01/src/pages/battle-of-monsters/BattleOfMonsters.extended.tsx","statementMap":{"0":{"start":{"line":27,"column":25},"end":{"line":75,"column":1}},"1":{"start":{"line":28,"column":19},"end":{"line":28,"column":35}},"2":{"start":{"line":30,"column":19},"end":{"line":30,"column":49}},"3":{"start":{"line":31,"column":26},"end":{"line":31,"column":63}},"4":{"start":{"line":32,"column":34},"end":{"line":32,"column":79}},"5":{"start":{"line":33,"column":31},"end":{"line":33,"column":59}},"6":{"start":{"line":35,"column":2},"end":{"line":37,"column":9}},"7":{"start":{"line":36,"column":4},"end":{"line":36,"column":34}},"8":{"start":{"line":39,"column":33},"end":{"line":46,"column":3}},"9":{"start":{"line":40,"column":4},"end":{"line":45,"column":6}},"10":{"start":{"line":48,"column":2},"end":{"line":74,"column":4}}},"fnMap":{"0":{"name":"(anonymous_0)","decl":{"start":{"line":27,"column":25},"end":{"line":27,"column":26}},"loc":{"start":{"line":27,"column":31},"end":{"line":75,"column":1}},"line":27},"1":{"name":"(anonymous_1)","decl":{"start":{"line":35,"column":12},"end":{"line":35,"column":13}},"loc":{"start":{"line":35,"column":18},"end":{"line":37,"column":3}},"line":35},"2":{"name":"(anonymous_2)","decl":{"start":{"line":39,"column":33},"end":{"line":39,"column":34}},"loc":{"start":{"line":39,"column":39},"end":{"line":46,"column":3}},"line":39}},"branchMap":{"0":{"loc":{"start":{"line":59,"column":7},"end":{"line":72,"column":7}},"type":"cond-expr","locations":[{"start":{"line":60,"column":8},"end":{"line":60,"column":59}},{"start":{"line":62,"column":8},"end":{"line":71,"column":28}}],"line":59}},"s":{"0":1,"1":4,"2":4,"3":4,"4":4,"5":4,"6":4,"7":4,"8":4,"9":1,"10":4},"f":{"0":4,"1":4,"2":1},"b":{"0":[1,3]},"_coverageSchema":"1a1c01bbd47fc00a2c39e90264f33305004495a9","hash":"93277482d50a9d3cf853a37e1bf8f0664fa255df"}
,"/Users/victorsouza/Desktop/Developments/assessment-cc-react-native-sr-01/src/reducers/monsters/monsters.actions.extended.ts": {"path":"/Users/victorsouza/Desktop/Developments/assessment-cc-react-native-sr-01/src/reducers/monsters/monsters.actions.extended.ts","statementMap":{"0":{"start":{"line":5,"column":30},"end":{"line":8,"column":1}},"1":{"start":{"line":10,"column":42},"end":{"line":12,"column":1}}},"fnMap":{},"branchMap":{},"s":{"0":3,"1":3},"f":{},"b":{},"_coverageSchema":"1a1c01bbd47fc00a2c39e90264f33305004495a9","hash":"bd385b91009a2eed27bc9d925698ee344fe9f8b1"}
,"/Users/victorsouza/Desktop/Developments/assessment-cc-react-native-sr-01/src/reducers/monsters/monsters.actions.ts": {"path":"/Users/victorsouza/Desktop/Developments/assessment-cc-react-native-sr-01/src/reducers/monsters/monsters.actions.ts","statementMap":{"0":{"start":{"line":5,"column":33},"end":{"line":8,"column":1}},"1":{"start":{"line":10,"column":34},"end":{"line":12,"column":1}}},"fnMap":{},"branchMap":{},"s":{"0":3,"1":3},"f":{},"b":{},"_coverageSchema":"1a1c01bbd47fc00a2c39e90264f33305004495a9","hash":"7a79b45408b6fe82a8d59a22fcdfe7c2b15a195a"}
,"/Users/victorsouza/Desktop/Developments/assessment-cc-react-native-sr-01/src/reducers/monsters/monsters.reducer.extended.ts": {"path":"/Users/victorsouza/Desktop/Developments/assessment-cc-react-native-sr-01/src/reducers/monsters/monsters.reducer.extended.ts","statementMap":{"0":{"start":{"line":10,"column":35},"end":{"line":14,"column":1}},"1":{"start":{"line":16,"column":39},"end":{"line":37,"column":2}},"2":{"start":{"line":17,"column":2},"end":{"line":20,"column":6}},"3":{"start":{"line":17,"column":52},"end":{"line":20,"column":3}},"4":{"start":{"line":22,"column":2},"end":{"line":25,"column":6}},"5":{"start":{"line":22,"column":53},"end":{"line":25,"column":3}},"6":{"start":{"line":27,"column":2},"end":{"line":30,"column":6}},"7":{"start":{"line":27,"column":64},"end":{"line":30,"column":3}},"8":{"start":{"line":32,"column":2},"end":{"line":36,"column":6}},"9":{"start":{"line":32,"column":66},"end":{"line":36,"column":3}}},"fnMap":{"0":{"name":"(anonymous_0)","decl":{"start":{"line":16,"column":67},"end":{"line":16,"column":68}},"loc":{"start":{"line":16,"column":78},"end":{"line":37,"column":1}},"line":16},"1":{"name":"(anonymous_1)","decl":{"start":{"line":17,"column":42},"end":{"line":17,"column":43}},"loc":{"start":{"line":17,"column":52},"end":{"line":20,"column":3}},"line":17},"2":{"name":"(anonymous_2)","decl":{"start":{"line":22,"column":43},"end":{"line":22,"column":44}},"loc":{"start":{"line":22,"column":53},"end":{"line":25,"column":3}},"line":22},"3":{"name":"(anonymous_3)","decl":{"start":{"line":27,"column":44},"end":{"line":27,"column":45}},"loc":{"start":{"line":27,"column":64},"end":{"line":30,"column":3}},"line":27},"4":{"name":"(anonymous_4)","decl":{"start":{"line":32,"column":46},"end":{"line":32,"column":47}},"loc":{"start":{"line":32,"column":66},"end":{"line":36,"column":3}},"line":32}},"branchMap":{},"s":{"0":3,"1":3,"2":3,"3":1,"4":3,"5":1,"6":3,"7":1,"8":3,"9":1},"f":{"0":3,"1":1,"2":1,"3":1,"4":1},"b":{},"_coverageSchema":"1a1c01bbd47fc00a2c39e90264f33305004495a9","hash":"c93f041a269464d1fc6696f9846b600529044806"}
,"/Users/victorsouza/Desktop/Developments/assessment-cc-react-native-sr-01/src/reducers/monsters/monsters.reducer.ts": {"path":"/Users/victorsouza/Desktop/Developments/assessment-cc-react-native-sr-01/src/reducers/monsters/monsters.reducer.ts","statementMap":{"0":{"start":{"line":10,"column":35},"end":{"line":13,"column":1}},"1":{"start":{"line":15,"column":31},"end":{"line":35,"column":2}},"2":{"start":{"line":16,"column":2},"end":{"line":19,"column":6}},"3":{"start":{"line":16,"column":55},"end":{"line":19,"column":3}},"4":{"start":{"line":21,"column":2},"end":{"line":24,"column":6}},"5":{"start":{"line":21,"column":56},"end":{"line":24,"column":3}},"6":{"start":{"line":26,"column":2},"end":{"line":29,"column":6}},"7":{"start":{"line":26,"column":67},"end":{"line":29,"column":3}},"8":{"start":{"line":31,"column":2},"end":{"line":34,"column":6}},"9":{"start":{"line":31,"column":58},"end":{"line":34,"column":3}}},"fnMap":{"0":{"name":"(anonymous_0)","decl":{"start":{"line":15,"column":59},"end":{"line":15,"column":60}},"loc":{"start":{"line":15,"column":70},"end":{"line":35,"column":1}},"line":15},"1":{"name":"(anonymous_1)","decl":{"start":{"line":16,"column":45},"end":{"line":16,"column":46}},"loc":{"start":{"line":16,"column":55},"end":{"line":19,"column":3}},"line":16},"2":{"name":"(anonymous_2)","decl":{"start":{"line":21,"column":46},"end":{"line":21,"column":47}},"loc":{"start":{"line":21,"column":56},"end":{"line":24,"column":3}},"line":21},"3":{"name":"(anonymous_3)","decl":{"start":{"line":26,"column":47},"end":{"line":26,"column":48}},"loc":{"start":{"line":26,"column":67},"end":{"line":29,"column":3}},"line":26},"4":{"name":"(anonymous_4)","decl":{"start":{"line":31,"column":38},"end":{"line":31,"column":39}},"loc":{"start":{"line":31,"column":58},"end":{"line":34,"column":3}},"line":31}},"branchMap":{},"s":{"0":3,"1":3,"2":3,"3":1,"4":3,"5":1,"6":3,"7":1,"8":3,"9":1},"f":{"0":3,"1":1,"2":1,"3":1,"4":1},"b":{},"_coverageSchema":"1a1c01bbd47fc00a2c39e90264f33305004495a9","hash":"d59f7ec84f39700085176f118d80b587310d8bca"}
,"/Users/victorsouza/Desktop/Developments/assessment-cc-react-native-sr-01/src/reducers/monsters/monsters.selectors.extended.ts": {"path":"/Users/victorsouza/Desktop/Developments/assessment-cc-react-native-sr-01/src/reducers/monsters/monsters.selectors.extended.ts","statementMap":{"0":{"start":{"line":3,"column":28},"end":{"line":3,"column":77}},"1":{"start":{"line":3,"column":50},"end":{"line":3,"column":77}},"2":{"start":{"line":5,"column":45},"end":{"line":6,"column":46}},"3":{"start":{"line":6,"column":2},"end":{"line":6,"column":46}}},"fnMap":{"0":{"name":"(anonymous_0)","decl":{"start":{"line":3,"column":28},"end":{"line":3,"column":29}},"loc":{"start":{"line":3,"column":50},"end":{"line":3,"column":77}},"line":3},"1":{"name":"(anonymous_1)","decl":{"start":{"line":5,"column":45},"end":{"line":5,"column":46}},"loc":{"start":{"line":6,"column":2},"end":{"line":6,"column":46}},"line":6}},"branchMap":{},"s":{"0":1,"1":4,"2":1,"3":4},"f":{"0":4,"1":4},"b":{},"_coverageSchema":"1a1c01bbd47fc00a2c39e90264f33305004495a9","hash":"240324ffb7f90dd70ec344f2501caa8fecceff98"}
,"/Users/victorsouza/Desktop/Developments/assessment-cc-react-native-sr-01/src/reducers/monsters/monsters.selectors.ts": {"path":"/Users/victorsouza/Desktop/Developments/assessment-cc-react-native-sr-01/src/reducers/monsters/monsters.selectors.ts","statementMap":{"0":{"start":{"line":3,"column":30},"end":{"line":3,"column":75}},"1":{"start":{"line":3,"column":52},"end":{"line":3,"column":75}},"2":{"start":{"line":5,"column":37},"end":{"line":5,"column":89}},"3":{"start":{"line":5,"column":59},"end":{"line":5,"column":89}}},"fnMap":{"0":{"name":"(anonymous_0)","decl":{"start":{"line":3,"column":30},"end":{"line":3,"column":31}},"loc":{"start":{"line":3,"column":52},"end":{"line":3,"column":75}},"line":3},"1":{"name":"(anonymous_1)","decl":{"start":{"line":5,"column":37},"end":{"line":5,"column":38}},"loc":{"start":{"line":5,"column":59},"end":{"line":5,"column":89}},"line":5}},"branchMap":{},"s":{"0":1,"1":4,"2":1,"3":4},"f":{"0":4,"1":4},"b":{},"_coverageSchema":"1a1c01bbd47fc00a2c39e90264f33305004495a9","hash":"716884837c941eb12a5a1dd5226b429dd9828168"}
,"/Users/victorsouza/Desktop/Developments/assessment-cc-react-native-sr-01/src/reducers/monsters/monsters.service.extended.ts": {"path":"/Users/victorsouza/Desktop/Developments/assessment-cc-react-native-sr-01/src/reducers/monsters/monsters.service.extended.ts","statementMap":{"0":{"start":{"line":9,"column":15},"end":{"line":22,"column":1}},"1":{"start":{"line":12,"column":2},"end":{"line":21,"column":39}},"2":{"start":{"line":21,"column":22},"end":{"line":21,"column":37}},"3":{"start":{"line":24,"column":36},"end":{"line":26,"column":1}}},"fnMap":{"0":{"name":"(anonymous_0)","decl":{"start":{"line":9,"column":15},"end":{"line":9,"column":16}},"loc":{"start":{"line":11,"column":71},"end":{"line":22,"column":1}},"line":11},"1":{"name":"(anonymous_1)","decl":{"start":{"line":21,"column":10},"end":{"line":21,"column":11}},"loc":{"start":{"line":21,"column":22},"end":{"line":21,"column":37}},"line":21}},"branchMap":{},"s":{"0":4,"1":0,"2":0,"3":4},"f":{"0":0,"1":0},"b":{},"_coverageSchema":"1a1c01bbd47fc00a2c39e90264f33305004495a9","hash":"bee10e6fbe527d92964640f01c26bcc9dd18b48a"}
,"/Users/victorsouza/Desktop/Developments/assessment-cc-react-native-sr-01/src/reducers/monsters/monsters.service.ts": {"path":"/Users/victorsouza/Desktop/Developments/assessment-cc-react-native-sr-01/src/reducers/monsters/monsters.service.ts","statementMap":{"0":{"start":{"line":4,"column":15},"end":{"line":5,"column":70}},"1":{"start":{"line":5,"column":2},"end":{"line":5,"column":70}},"2":{"start":{"line":5,"column":54},"end":{"line":5,"column":69}},"3":{"start":{"line":7,"column":30},"end":{"line":9,"column":1}}},"fnMap":{"0":{"name":"(anonymous_0)","decl":{"start":{"line":4,"column":15},"end":{"line":4,"column":16}},"loc":{"start":{"line":5,"column":2},"end":{"line":5,"column":70}},"line":5},"1":{"name":"(anonymous_1)","decl":{"start":{"line":5,"column":42},"end":{"line":5,"column":43}},"loc":{"start":{"line":5,"column":54},"end":{"line":5,"column":69}},"line":5}},"branchMap":{},"s":{"0":4,"1":0,"2":0,"3":4},"f":{"0":0,"1":0},"b":{},"_coverageSchema":"1a1c01bbd47fc00a2c39e90264f33305004495a9","hash":"436d4b884a24ec334c883ee85927a8b93c4fd6b2"}
}
