TN:
SF:src/app/store.ts
FNF:0
FNH:0
DA:5,2
LF:1
LH:1
BRF:0
BRH:0
end_of_record
TN:
SF:src/components/monster-battle-card/MonsterBattleCard.extended.styled.tsx
FN:29,(anonymous_0)
FN:52,(anonymous_1)
FNF:2
FNH:2
FNDA:10,(anonymous_0)
FNDA:24,(anonymous_1)
DA:11,2
DA:25,2
DA:29,10
DA:33,2
DA:40,2
DA:45,2
DA:51,2
DA:53,24
LF:8
LH:8
BRDA:29,0,0,10
BRDA:29,0,1,6
BRF:2
BRH:2
end_of_record
TN:
SF:src/components/monster-battle-card/MonsterBattleCard.extended.tsx
FN:17,(anonymous_0)
FN:18,(anonymous_1)
FNF:2
FNH:2
FNDA:10,(anonymous_0)
FNDA:10,(anonymous_1)
DA:17,2
DA:18,10
DA:19,10
DA:20,4
DA:26,6
DA:42,10
LF:6
LH:6
BRDA:19,0,0,4
BRDA:19,0,1,6
BRF:2
BRH:2
end_of_record
TN:
SF:src/components/monsters-list/MonstersList.extended.tsx
FN:20,(anonymous_0)
FN:25,getRandomCumputerMonster
FN:30,(anonymous_2)
FN:38,(anonymous_3)
FN:55,(anonymous_4)
FN:59,(anonymous_5)
FNF:6
FNH:6
FNDA:9,(anonymous_0)
FNDA:2,getRandomCumputerMonster
FNDA:5,(anonymous_2)
FNDA:2,(anonymous_3)
FNDA:40,(anonymous_4)
FNDA:2,(anonymous_5)
DA:20,2
DA:21,9
DA:23,9
DA:26,2
DA:27,1
DA:28,1
DA:30,5
DA:31,1
DA:33,1
DA:35,1
DA:38,9
DA:39,2
DA:40,2
DA:41,2
DA:42,2
DA:45,9
DA:56,40
DA:59,2
LF:18
LH:18
BRDA:26,0,0,1
BRDA:26,0,1,1
BRDA:39,1,0,1
BRDA:39,1,1,1
BRDA:41,2,0,1
BRDA:41,2,1,1
BRDA:48,3,0,8
BRDA:48,3,1,1
BRF:8
BRH:8
end_of_record
TN:
SF:src/components/monsters-list/MonstersList.styled.tsx
FN:27,(anonymous_0)
FNF:1
FNH:1
FNDA:40,(anonymous_0)
DA:6,2
DA:17,2
DA:25,2
DA:28,40
DA:39,2
DA:45,2
DA:54,2
DA:61,2
LF:8
LH:8
BRDA:28,0,0,1
BRDA:28,0,1,39
BRF:2
BRH:2
end_of_record
TN:
SF:src/components/title/Title.tsx
FNF:0
FNH:0
DA:5,1
LF:1
LH:1
BRF:0
BRH:0
end_of_record
TN:
SF:src/components/winner-display/WinnerDisplay.extended.tsx
FN:7,(anonymous_0)
FNF:1
FNH:1
FNDA:3,(anonymous_0)
DA:7,2
DA:8,3
LF:2
LH:2
BRF:0
BRH:0
end_of_record
TN:
SF:src/components/winner-display/WinnerDisplay.styled.tsx
FNF:0
FNH:0
DA:6,2
DA:15,2
LF:2
LH:2
BRF:0
BRH:0
end_of_record
TN:
SF:src/constants/colors.ts
FNF:0
FNH:0
DA:1,4
LF:1
LH:1
BRF:0
BRH:0
end_of_record
TN:
SF:src/constants/env.ts
FNF:0
FNH:0
DA:1,6
LF:1
LH:1
BRF:0
BRH:0
end_of_record
TN:
SF:src/pages/battle-of-monsters/BattleOfMonsters.extended.styled.tsx
FN:24,(anonymous_0)
FNF:1
FNH:1
FNDA:3,(anonymous_0)
DA:7,1
DA:14,1
DA:23,1
DA:25,3
DA:33,1
DA:40,1
LF:6
LH:6
BRDA:25,0,0,1
BRDA:25,0,1,2
BRF:2
BRH:2
end_of_record
TN:
SF:src/pages/battle-of-monsters/BattleOfMonsters.extended.tsx
FN:27,(anonymous_0)
FN:35,(anonymous_1)
FN:39,(anonymous_2)
FNF:3
FNH:3
FNDA:4,(anonymous_0)
FNDA:4,(anonymous_1)
FNDA:1,(anonymous_2)
DA:27,1
DA:28,4
DA:30,4
DA:31,4
DA:32,4
DA:33,4
DA:35,4
DA:36,4
DA:39,4
DA:40,1
DA:48,4
LF:11
LH:11
BRDA:59,0,0,1
BRDA:59,0,1,3
BRF:2
BRH:2
end_of_record
TN:
SF:src/reducers/monsters/monsters.actions.extended.ts
FNF:0
FNH:0
DA:5,3
DA:10,3
LF:2
LH:2
BRF:0
BRH:0
end_of_record
TN:
SF:src/reducers/monsters/monsters.actions.ts
FNF:0
FNH:0
DA:5,3
DA:10,3
LF:2
LH:2
BRF:0
BRH:0
end_of_record
TN:
SF:src/reducers/monsters/monsters.reducer.extended.ts
FN:16,(anonymous_0)
FN:17,(anonymous_1)
FN:22,(anonymous_2)
FN:27,(anonymous_3)
FN:32,(anonymous_4)
FNF:5
FNH:5
FNDA:3,(anonymous_0)
FNDA:1,(anonymous_1)
FNDA:1,(anonymous_2)
FNDA:1,(anonymous_3)
FNDA:1,(anonymous_4)
DA:10,3
DA:16,3
DA:17,3
DA:22,3
DA:27,3
DA:32,3
LF:6
LH:6
BRF:0
BRH:0
end_of_record
TN:
SF:src/reducers/monsters/monsters.reducer.ts
FN:15,(anonymous_0)
FN:16,(anonymous_1)
FN:21,(anonymous_2)
FN:26,(anonymous_3)
FN:31,(anonymous_4)
FNF:5
FNH:5
FNDA:3,(anonymous_0)
FNDA:1,(anonymous_1)
FNDA:1,(anonymous_2)
FNDA:1,(anonymous_3)
FNDA:1,(anonymous_4)
DA:10,3
DA:15,3
DA:16,3
DA:21,3
DA:26,3
DA:31,3
LF:6
LH:6
BRF:0
BRH:0
end_of_record
TN:
SF:src/reducers/monsters/monsters.selectors.extended.ts
FN:3,(anonymous_0)
FN:5,(anonymous_1)
FNF:2
FNH:2
FNDA:4,(anonymous_0)
FNDA:4,(anonymous_1)
DA:3,4
DA:5,1
DA:6,4
LF:3
LH:3
BRF:0
BRH:0
end_of_record
TN:
SF:src/reducers/monsters/monsters.selectors.ts
FN:3,(anonymous_0)
FN:5,(anonymous_1)
FNF:2
FNH:2
FNDA:4,(anonymous_0)
FNDA:4,(anonymous_1)
DA:3,4
DA:5,4
LF:2
LH:2
BRF:0
BRH:0
end_of_record
TN:
SF:src/reducers/monsters/monsters.service.extended.ts
FN:9,(anonymous_0)
FN:21,(anonymous_1)
FNF:2
FNH:0
FNDA:0,(anonymous_0)
FNDA:0,(anonymous_1)
DA:9,4
DA:12,0
DA:21,0
DA:24,4
LF:4
LH:2
BRF:0
BRH:0
end_of_record
TN:
SF:src/reducers/monsters/monsters.service.ts
FN:4,(anonymous_0)
FN:5,(anonymous_1)
FNF:2
FNH:0
FNDA:0,(anonymous_0)
FNDA:0,(anonymous_1)
DA:4,4
DA:5,0
DA:7,4
LF:3
LH:2
BRF:0
BRH:0
end_of_record
